2025-07-11 14:53:51,161 - __main__ - INFO - Starting email migration process...
2025-07-11 14:53:51,161 - itglue_client - INFO - Using mock data instead of making API calls
2025-07-11 14:53:51,161 - itglue_client - WARNING - Mock organizations file not found: /Users/swapnilmhatre/migration/organizations.json
2025-07-11 14:53:51,162 - itglue_client - INFO - Initialized IT Glue client with API URL: https://api.itglue.com
2025-07-11 14:53:51,162 - servicenow_mock - INFO - Loaded mock data from mock_servicenow_companies.json
2025-07-11 14:53:51,162 - servicenow_mock - INFO - Loaded mock email services from mock_servicenow_email_services.json
2025-07-11 14:53:51,163 - servicenow_mock - INFO - Initialized ServiceNow mock client with 10 companies
2025-07-11 14:53:51,163 - email_matcher - INFO - Email Matcher initialized with strategies: exact_name, fuzzy_name
2025-07-11 14:53:51,163 - field_mapper - INFO - Field Mapper initialized with 7 field mappings and 4 email field mappings
2025-07-11 14:53:51,164 - email_migrator - INFO - Email Migrator initialized (use_mock_data=True)
2025-07-11 14:53:51,164 - __main__ - INFO - Running email migration...
2025-07-11 14:53:51,164 - email_migrator - INFO - Starting email migration
2025-07-11 14:53:51,164 - email_migrator - INFO - Connection tests successful
2025-07-11 14:53:51,164 - itglue_client - INFO - Fetching email assets from IT Glue...
2025-07-11 14:53:51,165 - itglue_client - WARNING - Mock emails file not found: data\virtualization\emails.json
2025-07-11 14:53:51,165 - email_matcher - INFO - Matching 0 IT Glue email assets to 10 ServiceNow email services
2025-07-11 14:53:51,165 - email_matcher - INFO - Matched 0 email assets with 0 data quality issues
2025-07-11 14:53:51,165 - email_migrator - WARNING - No email assets found to migrate
2025-07-11 14:53:51,166 - email_migrator - INFO - Migration report saved to email_migration_report.json
2025-07-11 14:53:51,166 - __main__ - INFO - Email migration completed. Total: 0, Successful: 0, Failed: 0
2025-07-11 14:53:51,166 - __main__ - INFO - Report saved to: email_migration_report.json
