2025-07-11 19:08:35,944 - __main__ - INFO - Starting email migration process...
2025-07-11 19:08:35,945 - itglue_client - INFO - Using mock data instead of making API calls
2025-07-11 19:08:35,945 - itglue_client - WARNING - Mock organizations file not found: /Users/swapnilmhatre/migration/organizations.json
2025-07-11 19:08:35,945 - itglue_client - INFO - Initialized IT Glue client with API URL: https://api.itglue.com
2025-07-11 19:08:35,946 - servicenow_mock - INFO - Loaded mock data from mock_servicenow_companies.json
2025-07-11 19:08:35,946 - servicenow_mock - INFO - Loaded mock email services from mock_servicenow_email_services.json
2025-07-11 19:08:35,947 - servicenow_mock - INFO - Loaded mock applications from mock_servicenow_applications.json
2025-07-11 19:08:35,948 - servicenow_mock - INFO - Loaded mock printers from mock_servicenow_printers.json
2025-07-11 19:08:35,948 - servicenow_mock - INFO - Initialized ServiceNow mock client with 10 companies, 10 email services, 14 applications, and 12 printers
2025-07-11 19:08:35,948 - matchers.email_matcher - INFO - Email Matcher initialized with strategies: exact_name, fuzzy_name
2025-07-11 19:08:35,948 - field_mapper - INFO - Field Mapper initialized with 7 field mappings, 4 email field mappings, and 0 LoB application field mappings
2025-07-11 19:08:35,949 - migrators.email_migrator - INFO - Email Migrator initialized (use_mock_data=True)
2025-07-11 19:08:35,949 - __main__ - INFO - Running email migration...
2025-07-11 19:08:35,949 - migrators.email_migrator - INFO - Starting email migration
2025-07-11 19:08:35,949 - migrators.email_migrator - INFO - Connection tests successful
2025-07-11 19:08:35,949 - itglue_client - INFO - Fetching email assets from IT Glue...
2025-07-11 19:08:35,950 - itglue_client - INFO - Loaded 10 email assets from mock file: data\emails\emails.json
2025-07-11 19:08:35,950 - matchers.email_matcher - INFO - Matching 10 IT Glue email assets to 10 ServiceNow email services
2025-07-11 19:08:35,952 - matchers.email_matcher - INFO - Matched 10 email assets with 2 data quality issues
2025-07-11 19:08:35,952 - migrators.email_migrator - INFO - Migrating email 1/10: Google Apps
2025-07-11 19:08:35,954 - servicenow_mock - INFO - Saved updated mock email services to mock_servicenow_email_services.json
2025-07-11 19:08:35,955 - migrators.email_migrator - INFO - Migrating email 2/10: Office 365
2025-07-11 19:08:35,958 - servicenow_mock - INFO - Saved updated mock email services to mock_servicenow_email_services.json
2025-07-11 19:08:35,960 - migrators.email_migrator - INFO - Migrating email 3/10: Microsoft 365
2025-07-11 19:08:35,964 - servicenow_mock - INFO - Saved updated mock email services to mock_servicenow_email_services.json
2025-07-11 19:08:35,964 - migrators.email_migrator - INFO - Migrating email 4/10: Microsoft 365
2025-07-11 19:08:35,980 - servicenow_mock - INFO - Saved updated mock email services to mock_servicenow_email_services.json
2025-07-11 19:08:36,010 - migrators.email_migrator - INFO - Migrating email 5/10: Exchange 2019
2025-07-11 19:08:36,031 - servicenow_mock - INFO - Saved updated mock email services to mock_servicenow_email_services.json
2025-07-11 19:08:36,039 - migrators.email_migrator - INFO - Migrating email 6/10: Office 365
2025-07-11 19:08:36,048 - servicenow_mock - INFO - Saved updated mock email services to mock_servicenow_email_services.json
2025-07-11 19:08:36,049 - migrators.email_migrator - INFO - Migrating email 7/10: Other
2025-07-11 19:08:36,051 - servicenow_mock - INFO - Saved updated mock email services to mock_servicenow_email_services.json
2025-07-11 19:08:36,052 - migrators.email_migrator - INFO - Migrating email 8/10: Microsoft 365
2025-07-11 19:08:36,055 - servicenow_mock - INFO - Saved updated mock email services to mock_servicenow_email_services.json
2025-07-11 19:08:36,056 - migrators.email_migrator - INFO - Migrating email 9/10: Exchange 2010
2025-07-11 19:08:36,059 - servicenow_mock - INFO - Saved updated mock email services to mock_servicenow_email_services.json
2025-07-11 19:08:36,060 - migrators.email_migrator - INFO - Migrating email 10/10: Office 365
2025-07-11 19:08:36,070 - servicenow_mock - INFO - Saved updated mock email services to mock_servicenow_email_services.json
2025-07-11 19:08:36,073 - migrators.email_migrator - ERROR - Failed to save migration report: [WinError 3] The system cannot find the path specified: ''
2025-07-11 19:08:36,080 - __main__ - INFO - Email migration completed. Total: 10, Successful: 10, Failed: 0
2025-07-11 19:08:36,080 - __main__ - INFO - Report saved to: email_migration_report.json
