2025-07-11 15:16:53,074 - __main__ - INFO - Starting email migration process...
2025-07-11 15:16:53,074 - itglue_client - INFO - Using mock data instead of making API calls
2025-07-11 15:16:53,075 - itglue_client - WARNING - Mock organizations file not found: /Users/swapnilmhatre/migration/organizations.json
2025-07-11 15:16:53,075 - itglue_client - INFO - Initialized IT Glue client with API URL: https://api.itglue.com
2025-07-11 15:16:53,075 - servicenow_mock - INFO - Loaded mock data from mock_servicenow_companies.json
2025-07-11 15:16:53,076 - servicenow_mock - INFO - Loaded mock email services from mock_servicenow_email_services.json
2025-07-11 15:16:53,076 - servicenow_mock - INFO - Initialized ServiceNow mock client with 10 companies
2025-07-11 15:16:53,077 - matchers.email_matcher - INFO - Email Matcher initialized with strategies: exact_name, fuzzy_name
2025-07-11 15:16:53,077 - field_mapper - INFO - Field Mapper initialized with 7 field mappings and 4 email field mappings
2025-07-11 15:16:53,077 - migrators.email_migrator - INFO - Email Migrator initialized (use_mock_data=True)
2025-07-11 15:16:53,077 - __main__ - INFO - Running email migration...
2025-07-11 15:16:53,078 - migrators.email_migrator - INFO - Starting email migration
2025-07-11 15:16:53,078 - migrators.email_migrator - INFO - Connection tests successful
2025-07-11 15:16:53,078 - itglue_client - INFO - Fetching email assets from IT Glue...
2025-07-11 15:16:53,079 - itglue_client - INFO - Loaded 10 email assets from mock file: data\emails\emails.json
2025-07-11 15:16:53,080 - matchers.email_matcher - INFO - Matching 10 IT Glue email assets to 10 ServiceNow email services
2025-07-11 15:16:53,081 - matchers.email_matcher - INFO - Matched 10 email assets with 2 data quality issues
2025-07-11 15:16:53,081 - migrators.email_migrator - INFO - Migrating email 1/10: Google Apps
2025-07-11 15:16:53,083 - servicenow_mock - INFO - Saved updated mock email services to mock_servicenow_email_services.json
2025-07-11 15:16:53,084 - migrators.email_migrator - INFO - Migrating email 2/10: Office 365
2025-07-11 15:16:53,088 - servicenow_mock - INFO - Saved updated mock email services to mock_servicenow_email_services.json
2025-07-11 15:16:53,088 - migrators.email_migrator - INFO - Migrating email 3/10: Microsoft 365
2025-07-11 15:16:53,091 - servicenow_mock - INFO - Saved updated mock email services to mock_servicenow_email_services.json
2025-07-11 15:16:53,091 - migrators.email_migrator - INFO - Migrating email 4/10: Microsoft 365
2025-07-11 15:16:53,094 - servicenow_mock - INFO - Saved updated mock email services to mock_servicenow_email_services.json
2025-07-11 15:16:53,095 - migrators.email_migrator - INFO - Migrating email 5/10: Exchange 2019
2025-07-11 15:16:53,097 - servicenow_mock - INFO - Saved updated mock email services to mock_servicenow_email_services.json
2025-07-11 15:16:53,098 - migrators.email_migrator - INFO - Migrating email 6/10: Office 365
2025-07-11 15:16:53,100 - servicenow_mock - INFO - Saved updated mock email services to mock_servicenow_email_services.json
2025-07-11 15:16:53,100 - migrators.email_migrator - INFO - Migrating email 7/10: Other
2025-07-11 15:16:53,103 - servicenow_mock - INFO - Saved updated mock email services to mock_servicenow_email_services.json
2025-07-11 15:16:53,103 - migrators.email_migrator - INFO - Migrating email 8/10: Microsoft 365
2025-07-11 15:16:53,107 - servicenow_mock - INFO - Saved updated mock email services to mock_servicenow_email_services.json
2025-07-11 15:16:53,108 - migrators.email_migrator - INFO - Migrating email 9/10: Exchange 2010
2025-07-11 15:16:53,111 - servicenow_mock - INFO - Saved updated mock email services to mock_servicenow_email_services.json
2025-07-11 15:16:53,111 - migrators.email_migrator - INFO - Migrating email 10/10: Office 365
2025-07-11 15:16:53,114 - servicenow_mock - INFO - Saved updated mock email services to mock_servicenow_email_services.json
2025-07-11 15:16:53,115 - migrators.email_migrator - ERROR - Failed to save migration report: [WinError 3] The system cannot find the path specified: ''
2025-07-11 15:16:53,119 - __main__ - INFO - Email migration completed. Total: 10, Successful: 10, Failed: 0
2025-07-11 15:16:53,119 - __main__ - INFO - Report saved to: email_migration_report.json
