2025-07-10 17:18:52,203 - itglue_client - INFO - Using mock data instead of making API calls
2025-07-10 17:18:52,203 - itglue_client - INFO - Initialized IT Glue client with API URL: https://api.itglue.com
2025-07-10 17:18:52,204 - servicenow_mock - INFO - Loaded mock data from mock_servicenow_companies.json
2025-07-10 17:18:52,204 - servicenow_mock - INFO - Initialized ServiceNow mock client with 10 companies
2025-07-10 17:18:52,204 - organization_matcher - INFO - Organization Matcher initialized with strategies: coreid, exact_name, fuzzy_name
2025-07-10 17:18:52,204 - field_mapper - INFO - Field Mapper initialized with 7 field mappings
2025-07-10 17:18:52,204 - organization_migrator - INFO - Organization Migrator initialized (use_mock_data=True)
2025-07-10 17:18:52,204 - organization_migrator - INFO - Starting organization migration
2025-07-10 17:18:52,204 - organization_migrator - INFO - Connection tests successful
2025-07-10 17:18:52,204 - itglue_client - INFO - Fetching organizations from IT Glue...
2025-07-10 17:18:52,205 - itglue_client - INFO - Loaded 10 organizations from mock file: /Users/swapnilmhatre/migration/organizations.txt
2025-07-10 17:18:52,206 - itglue_client - INFO - Loaded 10 site summaries from mock file: mock_site_summaries.json
2025-07-10 17:18:52,206 - organization_matcher - INFO - Matching 10 IT Glue organizations to 10 ServiceNow companies
2025-07-10 17:18:52,206 - organization_matcher - INFO - Extracting CoreIDs from 10 Site Summary assets...
2025-07-10 17:18:52,206 - organization_matcher - INFO - Extracted 2 CoreIDs from Site Summary assets
2025-07-10 17:18:52,208 - organization_matcher - INFO - Matched 10 organizations with 8 data quality issues
2025-07-10 17:18:52,208 - organization_migrator - INFO - Migrating organization 1/10: United Technology Group
2025-07-10 17:18:52,208 - organization_migrator - INFO - Migrating organization 2/10: Courier Express
2025-07-10 17:18:52,209 - servicenow_mock - INFO - Saved updated mock data to mock_servicenow_companies.json
2025-07-10 17:18:52,209 - organization_migrator - INFO - Migrating organization 3/10: Moncrief Heating & Air
2025-07-10 17:18:52,210 - servicenow_mock - INFO - Saved updated mock data to mock_servicenow_companies.json
2025-07-10 17:18:52,210 - organization_migrator - INFO - Migrating organization 4/10: Turner Enterprises
2025-07-10 17:18:52,211 - servicenow_mock - INFO - Saved updated mock data to mock_servicenow_companies.json
2025-07-10 17:18:52,211 - organization_migrator - INFO - Migrating organization 5/10: LPBC
2025-07-10 17:18:52,212 - servicenow_mock - INFO - Saved updated mock data to mock_servicenow_companies.json
2025-07-10 17:18:52,212 - organization_migrator - INFO - Migrating organization 6/10: Empire Tickets
2025-07-10 17:18:52,213 - servicenow_mock - INFO - Saved updated mock data to mock_servicenow_companies.json
2025-07-10 17:18:52,213 - organization_migrator - INFO - Migrating organization 7/10: Nakanishi Manufacturing Corporation
2025-07-10 17:18:52,214 - servicenow_mock - INFO - Saved updated mock data to mock_servicenow_companies.json
2025-07-10 17:18:52,214 - organization_migrator - INFO - Migrating organization 8/10: Epic Response
2025-07-10 17:18:52,215 - servicenow_mock - INFO - Saved updated mock data to mock_servicenow_companies.json
2025-07-10 17:18:52,216 - organization_migrator - INFO - Migrating organization 9/10: Southeast Mortgage of Georgia, Inc.
2025-07-10 17:18:52,216 - servicenow_mock - INFO - Saved updated mock data to mock_servicenow_companies.json
2025-07-10 17:18:52,217 - organization_migrator - INFO - Migrating organization 10/10: Wellstreet Urgent Care
2025-07-10 17:18:52,218 - servicenow_mock - INFO - Saved updated mock data to mock_servicenow_companies.json
2025-07-10 17:18:52,219 - organization_migrator - INFO - Migration report saved to migration_report.json
